<?xml version="1.0" encoding="UTF-8"?>
<!-- Generated by org.testng.reporters.JUnitReportReporter -->
<testsuite hostname="saranya" failures="0" tests="1" name="failedscript.Demo2" time="1.356" errors="0" timestamp="2024-05-26T17:10:34 IST" skipped="0">
  <testcase classname="failedscript.Demo2" name="demo" time="1.356"/>
</testsuite> <!-- failedscript.Demo2 -->
