<?xml version="1.0" encoding="UTF-8"?>
<!-- Generated by org.testng.reporters.JUnitReportReporter -->
<testsuite hostname="saranya" failures="0" tests="1" name="demoshop.scripts.AddAddress" time="12.593" errors="0" timestamp="2024-05-26T17:19:03 IST" skipped="0">
  <testcase classname="demoshop.scripts.AddAddress" name="addAddress" time="12.593">
    <system-out>
      <![CDATA[addAddresshas successfully executed]]>
    </system-out>
  </testcase> <!-- addAddress -->
  <system-out>
    <![CDATA[Default suitehas successfully executed
Browser Opened successfully
logged in successfully
addAddresshas successfully executed
logged out successfull
Browser closed successfully]]>
  </system-out>
</testsuite> <!-- demoshop.scripts.AddAddress -->
