<?xml version="1.0" encoding="UTF-8"?>
<!-- Generated by org.testng.reporters.JUnitReportReporter -->
<testsuite hostname="saranya" failures="0" tests="1" name="demoshop.scripts.AddToCart" time="3.525" errors="0" timestamp="2024-05-26T12:17:08 IST" skipped="0">
  <testcase classname="demoshop.scripts.AddToCart" name="addToCartTest" time="3.525">
    <system-out>
      <![CDATA[addToCartTesthas successfully executed]]>
    </system-out>
  </testcase> <!-- addToCartTest -->
  <system-out>
    <![CDATA[Default suitehas successfully executed
Browser Opened successfully
logged in successfully
addToCartTesthas successfully executed
logged out successfull
Browser closed successfully]]>
  </system-out>
</testsuite> <!-- demoshop.scripts.AddToCart -->
